<?xml version="1.0" encoding="UTF-8"?>
<!-- Generated by org.testng.reporters.JUnitReportReporter -->
<testsuite hostname="DESKTOP-DUQ488G" failures="0" tests="1" name="com.amazon.testscripts.BuyMobilePhoneTest" time="11.971" errors="0" timestamp="2023-05-10T16:38:23 EDT" skipped="0">
  <testcase classname="com.amazon.testscripts.BuyMobilePhoneTest" name="buyMobilePhone" time="11.971"/>
  <system-out/>
</testsuite> <!-- com.amazon.testscripts.BuyMobilePhoneTest -->
